<?xml version="1.0" encoding="UTF-8"?>
<!-- Generated by org.testng.reporters.JUnitXMLReporter -->
<testsuite ignored="0" hostname="Sagar-Tandu" failures="0" tests="3" name="Default test" time="16.749" errors="0" timestamp="2022-07-08T10:32:02 IST">
  <testcase classname="SF.test.Compose" name="browser" time="4.666"/>
  <testcase classname="SF.test.Compose" name="composeemail" time="12.051"/>
  <testcase classname="SF.test.Compose" name="printText" time="0.001"/>
</testsuite> <!-- Default test -->
