<?xml version="1.0" encoding="UTF-8"?>
<!-- Generated by org.testng.reporters.JUnitXMLReporter -->
<testsuite ignored="0" hostname="Sagar-Tandu" failures="0" tests="8" name="Default test" time="15.258" errors="0" timestamp="2022-07-01T18:35:40 IST">
  <testcase classname="SF.test.Invalidphone" name="login" time="2.797"/>
  <testcase classname="SF.test.Invalidphone" name="text" time="0.251"/>
  <testcase classname="SF.test.Validemail" name="login" time="3.122"/>
  <testcase classname="SF.test.Validemail" name="welcome" time="1.286"/>
  <testcase classname="SF.test.Invalidemail" name="login" time="3.613"/>
  <testcase classname="SF.test.Invalidemail" name="text" time="0.339"/>
  <testcase classname="SF.test.Blankcred" name="login" time="3.678"/>
  <testcase classname="SF.test.Blankcred" name="text" time="0.117"/>
</testsuite> <!-- Default test -->
