<?xml version="1.0" encoding="UTF-8"?>
<!-- Generated by org.testng.reporters.JUnitXMLReporter -->
<testsuite ignored="0" hostname="Sagar-Tandu" failures="0" tests="4" name="Test" time="17.199" errors="0" timestamp="2022-07-04T17:20:17 IST">
  <testcase classname="SF.test.login" name="blank" time="0.436"/>
  <testcase classname="SF.test.login" name="invalidemail" time="1.251"/>
  <testcase classname="SF.test.login" name="invalidphone" time="1.166"/>
  <testcase classname="SF.test.Compose" name="composeemail" time="14.312"/>
</testsuite> <!-- Test -->
