<?xml version="1.0" encoding="UTF-8"?>
<!-- Generated by org.testng.reporters.JUnitXMLReporter -->
<testsuite ignored="0" hostname="Sagar-Tandu" failures="0" tests="5" name="Test" time="35.233" errors="0" timestamp="2022-07-18T16:28:45 IST">
  <testcase classname="SF.test.login" name="blank" time="1.781"/>
  <testcase classname="SF.test.login" name="invalidemail" time="1.437"/>
  <testcase classname="SF.test.login" name="invalidphone" time="1.128"/>
  <testcase classname="SF.test.Compose" name="composeemail" time="25.018"/>
  <testcase classname="SF.test.Compose" name="printText" time="0.001"/>
</testsuite> <!-- Test -->
