<?xml version="1.0" encoding="UTF-8"?>
<!-- Generated by org.testng.reporters.JUnitXMLReporter -->
<testsuite ignored="0" hostname="Sagar-Tandu" failures="0" tests="8" name="Test" time="16.007" errors="0" timestamp="2022-07-01T16:52:34 IST">
  <testcase classname="SF.test.Invalidemail" name="login" time="3.412"/>
  <testcase classname="SF.test.Invalidemail" name="text" time="0.326"/>
  <testcase classname="SF.test.Invalidphone" name="login" time="3.393"/>
  <testcase classname="SF.test.Invalidphone" name="text" time="0.251"/>
  <testcase classname="SF.test.Blankcred" name="login" time="2.918"/>
  <testcase classname="SF.test.Blankcred" name="text" time="0.332"/>
  <testcase classname="SF.test.Validemail" name="login" time="4.077"/>
  <testcase classname="SF.test.Validemail" name="welcome" time="1.247"/>
</testsuite> <!-- Test -->
