<?xml version="1.0" encoding="UTF-8"?>
<testsuite xmlns:xsi="http://www.w3.org/2001/XMLSchema-instance" xsi:schemaLocation="https://maven.apache.org/surefire/maven-surefire-plugin/xsd/surefire-test-report.xsd" name="TestSuite" time="29.904" tests="4" errors="0" skipped="0" failures="0">
  <properties>
[...]
</properties>
  <testcase name="blank" classname="SF.test.login" time="0.659"/>
  <testcase name="invalidemail" classname="SF.test.login" time="1.653"/>
  <testcase name="invalidphone" classname="SF.test.login" time="1.446"/>
  <testcase name="composeemail" classname="SF.test.Compose" time="15.449"/>
</testsuite>