<?xml version="1.0" encoding="UTF-8"?>
<testng-results ignored="0" total="4" passed="4" failed="0" skipped="0">
  <reporter-output>
  </reporter-output>
  <suite started-at="2022-07-04T17:39:54 IST" name="Suite" finished-at="2022-07-04T17:40:10 IST" duration-ms="15791">
    <groups>
    </groups>
    <test started-at="2022-07-04T17:39:54 IST" name="Test" finished-at="2022-07-04T17:40:10 IST" duration-ms="15791">
      <class name="SF.test.Compose">
        <test-method is-config="true" signature="browser()[pri:0, instance:SF.test.Compose@41c2284a]" started-at="2022-07-04T17:39:47 IST" name="browser" finished-at="2022-07-04T17:39:52 IST" duration-ms="4382" status="PASS">
          <reporter-output>
          </reporter-output>
        </test-method> <!-- browser -->
        <test-method signature="composeemail()[pri:0, instance:SF.test.Compose@41c2284a]" started-at="2022-07-04T17:39:57 IST" name="composeemail" finished-at="2022-07-04T17:40:10 IST" duration-ms="12905" status="PASS">
          <reporter-output>
          </reporter-output>
        </test-method> <!-- composeemail -->
        <test-method is-config="true" signature="close()[pri:0, instance:SF.test.Compose@41c2284a]" started-at="2022-07-04T17:40:10 IST" name="close" finished-at="2022-07-04T17:40:11 IST" duration-ms="1375" status="PASS">
          <reporter-output>
          </reporter-output>
        </test-method> <!-- close -->
      </class> <!-- SF.test.Compose -->
      <class name="SF.test.login">
        <test-method is-config="true" signature="initialize()[pri:0, instance:SF.test.login@671a5887]" started-at="2022-07-04T17:39:52 IST" name="initialize" finished-at="2022-07-04T17:39:54 IST" duration-ms="2538" status="PASS">
          <reporter-output>
          </reporter-output>
        </test-method> <!-- initialize -->
        <test-method signature="blank()[pri:0, instance:SF.test.login@671a5887]" started-at="2022-07-04T17:39:54 IST" name="blank" finished-at="2022-07-04T17:39:55 IST" duration-ms="377" status="PASS">
          <reporter-output>
          </reporter-output>
        </test-method> <!-- blank -->
        <test-method signature="invalidemail()[pri:1, instance:SF.test.login@671a5887]" started-at="2022-07-04T17:39:55 IST" name="invalidemail" finished-at="2022-07-04T17:39:56 IST" duration-ms="1294" status="PASS">
          <reporter-output>
          </reporter-output>
        </test-method> <!-- invalidemail -->
        <test-method signature="invalidphone()[pri:2, instance:SF.test.login@671a5887]" started-at="2022-07-04T17:39:56 IST" name="invalidphone" finished-at="2022-07-04T17:39:57 IST" duration-ms="1170" status="PASS">
          <reporter-output>
          </reporter-output>
        </test-method> <!-- invalidphone -->
      </class> <!-- SF.test.login -->
    </test> <!-- Test -->
  </suite> <!-- Suite -->
</testng-results>
